Jul 16 2020 15:48:39
{"action":"ai1wm_export","options":{"replace":{"old_value":[""],"new_value":[""]}},"ai1wm_manual_export":"1","storage":"sulhfl58kr67","file":"1","secret_key":"LFb4iVZgFQKk","priority":5,"archive":"localhost-20200716-154839-87ao6u.wpress"}

Jul 16 2020 15:48:39
{"action":"ai1wm_export","options":{"replace":{"old_value":[""],"new_value":[""]}},"ai1wm_manual_export":"1","storage":"sulhfl58kr67","file":"1","secret_key":"LFb4iVZgFQKk","priority":5,"archive":"localhost-20200716-154839-87ao6u.wpress"}

Jul 16 2020 15:48:40
{"action":"ai1wm_export","options":{"replace":{"old_value":[""],"new_value":[""]}},"ai1wm_manual_export":"1","storage":"sulhfl58kr67","file":"1","secret_key":"LFb4iVZgFQKk","priority":"10","archive":"localhost-20200716-154839-87ao6u.wpress"}

Jul 16 2020 15:48:40
{"action":"ai1wm_export","options":{"replace":{"old_value":[""],"new_value":[""]}},"ai1wm_manual_export":"1","storage":"sulhfl58kr67","file":"1","secret_key":"LFb4iVZgFQKk","priority":"50","archive":"localhost-20200716-154839-87ao6u.wpress"}

Jul 16 2020 15:48:41
{"action":"ai1wm_export","options":{"replace":{"old_value":[""],"new_value":[""]}},"ai1wm_manual_export":"1","storage":"sulhfl58kr67","file":"1","secret_key":"LFb4iVZgFQKk","priority":"60","archive":"localhost-20200716-154839-87ao6u.wpress"}

Jul 16 2020 15:48:41
{"action":"ai1wm_export","options":{"replace":{"old_value":[""],"new_value":[""]}},"ai1wm_manual_export":"1","storage":"sulhfl58kr67","file":"1","secret_key":"LFb4iVZgFQKk","priority":"100","archive":"localhost-20200716-154839-87ao6u.wpress","total_content_files_count":449,"total_content_files_size":16214736}

Jul 16 2020 15:48:42
{"action":"ai1wm_export","options":{"replace":{"old_value":[""],"new_value":[""]}},"ai1wm_manual_export":"1","storage":"sulhfl58kr67","file":"1","secret_key":"LFb4iVZgFQKk","priority":"110","archive":"localhost-20200716-154839-87ao6u.wpress","total_content_files_count":"449","total_content_files_size":"16214736","total_media_files_count":42,"total_media_files_size":3123896}

Jul 16 2020 15:48:52
{"action":"ai1wm_export","options":{"replace":{"old_value":[""],"new_value":[""]}},"ai1wm_manual_export":"1","storage":"sulhfl58kr67","file":"1","secret_key":"LFb4iVZgFQKk","priority":"150","archive":"localhost-20200716-154839-87ao6u.wpress","total_content_files_count":449,"total_content_files_size":16214736,"total_media_files_count":"42","total_media_files_size":"3123896","archive_bytes_offset":12649437,"file_bytes_offset":0,"content_bytes_offset":14843,"processed_files_size":11458096,"completed":false}

Jul 16 2020 15:48:58
{"action":"ai1wm_export","options":{"replace":{"old_value":[""],"new_value":[""]}},"ai1wm_manual_export":"1","storage":"sulhfl58kr67","file":"1","secret_key":"LFb4iVZgFQKk","priority":"150","archive":"localhost-20200716-154839-87ao6u.wpress","total_media_files_count":"42","total_media_files_size":"3123896"}

Jul 16 2020 15:49:03
{"action":"ai1wm_export","options":{"replace":{"old_value":[""],"new_value":[""]}},"ai1wm_manual_export":"1","storage":"sulhfl58kr67","file":"1","secret_key":"LFb4iVZgFQKk","priority":"160","archive":"localhost-20200716-154839-87ao6u.wpress"}

